<?xml version="1.0" encoding="UTF-8"?>
<!-- Generated by org.testng.reporters.JUnitReportReporter -->
<testsuite hostname="NODE124" name="com.project.selenium.tests.Tests" tests="2" failures="0" timestamp="26 Oct 2016 05:44:41 GMT" time="73.671" errors="0">
  <testcase name="testTests1" time="30.820" classname="com.project.selenium.tests.Tests"/>
  <testcase name="testTests" time="42.851" classname="com.project.selenium.tests.Tests"/>
</testsuite> <!-- com.project.selenium.tests.Tests -->
