<?xml version="1.0" encoding="UTF-8"?>
<!-- Generated by org.testng.reporters.JUnitReportReporter -->
<testsuite hostname="NODE124" name="com.project.selenium.tests.ToolsStoreTest" tests="2" failures="0" timestamp="28 Oct 2016 05:33:10 GMT" time="74.905" errors="0">
  <testcase name="testToolsQA" time="38.586" classname="com.project.selenium.tests.ToolsStoreTest"/>
  <testcase name="testStoreQA" time="36.319" classname="com.project.selenium.tests.ToolsStoreTest"/>
</testsuite> <!-- com.project.selenium.tests.ToolsStoreTest -->
